E:\fileTran\lcxZZW\zzwlcx\zzwlcx\Debug\cl.command.1.tlog
E:\fileTran\lcxZZW\zzwlcx\zzwlcx\Debug\CL.read.1.tlog
E:\fileTran\lcxZZW\zzwlcx\zzwlcx\Debug\CL.write.1.tlog
E:\fileTran\lcxZZW\zzwlcx\zzwlcx\Debug\link.command.1.tlog
E:\fileTran\lcxZZW\zzwlcx\zzwlcx\Debug\link.read.1.tlog
E:\fileTran\lcxZZW\zzwlcx\zzwlcx\Debug\link.write.1.tlog
E:\fileTran\lcxZZW\zzwlcx\zzwlcx\Debug\link-cvtres.read.1.tlog
E:\fileTran\lcxZZW\zzwlcx\zzwlcx\Debug\link-cvtres.write.1.tlog
E:\fileTran\lcxZZW\zzwlcx\zzwlcx\Debug\mt.command.1.tlog
E:\fileTran\lcxZZW\zzwlcx\zzwlcx\Debug\mt.read.1.tlog
E:\fileTran\lcxZZW\zzwlcx\zzwlcx\Debug\mt.write.1.tlog
E:\fileTran\lcxZZW\zzwlcx\zzwlcx\Debug\rc.command.1.tlog
E:\fileTran\lcxZZW\zzwlcx\zzwlcx\Debug\rc.read.1.tlog
E:\fileTran\lcxZZW\zzwlcx\zzwlcx\Debug\rc.write.1.tlog
E:\FILETRAN\LCXZZW\ZZWLCX\ZZWLCX\DEBUG\TRAN.OBJ
E:\fileTran\lcxZZW\zzwlcx\zzwlcx\Debug\vc100.idb
E:\FILETRAN\LCXZZW\ZZWLCX\ZZWLCX\DEBUG\VC100.PDB
E:\FILETRAN\LCXZZW\ZZWLCX\ZZWLCX\DEBUG\ZZWLCX.EXE.EMBED.MANIFEST
E:\FILETRAN\LCXZZW\ZZWLCX\ZZWLCX\DEBUG\ZZWLCX.EXE.EMBED.MANIFEST.RES
E:\fileTran\lcxZZW\zzwlcx\zzwlcx\Debug\zzwlcx.exe.intermediate.manifest
E:\fileTran\lcxZZW\zzwlcx\zzwlcx\Debug\zzwlcx.write.1.tlog
E:\fileTran\lcxZZW\zzwlcx\zzwlcx\Debug\zzwlcx_manifest.rc
