e:\filetran\lcxzzw\zzwlcx\zzwlcx\release\tran.obj
e:\filetran\lcxzzw\zzwlcx\zzwlcx\release\vc100.pdb
e:\filetran\lcxzzw\zzwlcx\release\zzwlcx.exe
e:\filetran\lcxzzw\zzwlcx\zzwlcx\release\zzwlcx.exe.intermediate.manifest
e:\filetran\lcxzzw\zzwlcx\release\zzwlcx.pdb
h:\github\lcx\zzwlcx\zzwlcx\release\zzwlcx.vcxprojresolveassemblyreference.cache
h:\github\lcx\zzwlcx\zzwlcx\release\tran.obj
h:\github\lcx\zzwlcx\zzwlcx\release\cl.command.1.tlog
h:\github\lcx\zzwlcx\zzwlcx\release\cl.read.1.tlog
h:\github\lcx\zzwlcx\zzwlcx\release\cl.write.1.tlog
h:\github\lcx\zzwlcx\zzwlcx\release\link.command.1.tlog
h:\github\lcx\zzwlcx\zzwlcx\release\link.read.1.tlog
h:\github\lcx\zzwlcx\zzwlcx\release\link.write.1.tlog
h:\github\lcx\zzwlcx\zzwlcx\release\mt.command.1.tlog
h:\github\lcx\zzwlcx\zzwlcx\release\mt.read.1.tlog
h:\github\lcx\zzwlcx\zzwlcx\release\mt.write.1.tlog
h:\github\lcx\zzwlcx\zzwlcx\release\zzwlcx.write.1.tlog
h:\github\lcx\zzwlcx\zzwlcx\release\zzwlcx.exe.intermediate.manifest
h:\github\lcx\zzwlcx\zzwlcx\release\vc100.pdb
h:\github\lcx\zzwlcx\release\zzwlcx.pdb
h:\github\lcx\zzwlcx\release\zzwlcx.exe
